[debug] [2023-05-09T22:59:50.394Z] ----------------------------------------------------------------------
[debug] [2023-05-09T22:59:50.396Z] Command:       C:\Program Files\nodejs\node.exe C:\Users\Flia.Boyer\AppData\Roaming\npm\node_modules\firebase-tools\lib\bin\firebase.js login
[debug] [2023-05-09T22:59:50.397Z] CLI Version:   11.30.0
[debug] [2023-05-09T22:59:50.397Z] Platform:      win32
[debug] [2023-05-09T22:59:50.397Z] Node Version:  v18.10.0
[debug] [2023-05-09T22:59:50.398Z] Time:          Tue May 09 2023 19:59:50 GMT-0300 (GMT-03:00)
[debug] [2023-05-09T22:59:50.398Z] ----------------------------------------------------------------------
[debug] 
[debug] [2023-05-09T22:59:50.402Z] >>> [apiv2][query] GET https://firebase-public.firebaseio.com/cli.json [none]
[info] i  Firebase optionally collects CLI and Emulator Suite usage and error reporting information to help improve our products. Data is collected in accordance with Google's privacy policy (https://policies.google.com/privacy) and is not used to identify you.
 
[debug] [2023-05-09T22:59:50.938Z] <<< [apiv2][status] GET https://firebase-public.firebaseio.com/cli.json 200
[debug] [2023-05-09T22:59:50.939Z] <<< [apiv2][body] GET https://firebase-public.firebaseio.com/cli.json {"cloudBuildErrorAfter":1594252800000,"cloudBuildWarnAfter":1590019200000,"defaultNode10After":1594252800000,"minVersion":"3.0.5","node8DeploysDisabledAfter":1613390400000,"node8RuntimeDisabledAfter":1615809600000,"node8WarnAfter":1600128000000}
[info] 
[info] Visit this URL on this device to log in:
[info] https://accounts.google.com/o/oauth2/auth?client_id=563584335869-fgrhgmd47bqnekij5i8b5pr03ho849e6.apps.googleusercontent.com&scope=email%20openid%20https%3A%2F%2Fwww.googleapis.com%2Fauth%2Fcloudplatformprojects.readonly%20https%3A%2F%2Fwww.googleapis.com%2Fauth%2Ffirebase%20https%3A%2F%2Fwww.googleapis.com%2Fauth%2Fcloud-platform&response_type=code&state=133319392&redirect_uri=http%3A%2F%2Flocalhost%3A9005
[info] 
[info] Waiting for authentication...
[debug] [2023-05-09T23:19:29.774Z] ----------------------------------------------------------------------
[debug] [2023-05-09T23:19:29.776Z] Command:       C:\Program Files\nodejs\node.exe C:\Users\Flia.Boyer\AppData\Roaming\npm\node_modules\firebase-tools\lib\bin\firebase.js login
[debug] [2023-05-09T23:19:29.778Z] CLI Version:   11.30.0
[debug] [2023-05-09T23:19:29.779Z] Platform:      win32
[debug] [2023-05-09T23:19:29.779Z] Node Version:  v18.10.0
[debug] [2023-05-09T23:19:29.781Z] Time:          Tue May 09 2023 20:19:29 GMT-0300 (GMT-03:00)
[debug] [2023-05-09T23:19:29.782Z] ----------------------------------------------------------------------
[debug] 
[info] i  Firebase optionally collects CLI and Emulator Suite usage and error reporting information to help improve our products. Data is collected in accordance with Google's privacy policy (https://policies.google.com/privacy) and is not used to identify you.
 
[info] 
[info] Visit this URL on this device to log in:
[info] https://accounts.google.com/o/oauth2/auth?client_id=563584335869-fgrhgmd47bqnekij5i8b5pr03ho849e6.apps.googleusercontent.com&scope=email%20openid%20https%3A%2F%2Fwww.googleapis.com%2Fauth%2Fcloudplatformprojects.readonly%20https%3A%2F%2Fwww.googleapis.com%2Fauth%2Ffirebase%20https%3A%2F%2Fwww.googleapis.com%2Fauth%2Fcloud-platform&response_type=code&state=263271036&redirect_uri=http%3A%2F%2Flocalhost%3A9005
[info] 
[info] Waiting for authentication...
